<?xml version="1.0" encoding="UTF-8"?>
<!-- Generated by org.testng.reporters.JUnitReportReporter -->
<testsuite hostname="fv-az41-419" failures="0" tests="4" name="com.neosoft.SpringBasic.runner.TestRunner" time="52.330" errors="0" timestamp="2022-11-01T10:17:57 UTC" skipped="0">
  <testcase classname="com.neosoft.SpringBasic.runner.TestRunner" name="runScenario" time="13.080"/>
  <system-out/>
  <testcase classname="com.neosoft.SpringBasic.runner.TestRunner" name="runScenario" time="13.096"/>
  <system-out/>
  <testcase classname="com.neosoft.SpringBasic.runner.TestRunner" name="runScenario" time="13.054"/>
  <system-out/>
  <testcase classname="com.neosoft.SpringBasic.runner.TestRunner" name="runScenario" time="13.100"/>
  <system-out/>
</testsuite> <!-- com.neosoft.SpringBasic.runner.TestRunner -->
